<?xml version="1.0" encoding="UTF-8"?>
<!-- Generated by org.testng.reporters.JUnitReportReporter -->
<testsuite hostname="HASSEN-HP" failures="0" tests="1" name="testCases.TwoTest" time="31.585" errors="0" timestamp="2022-08-16T15:23:32 EDT" skipped="0">
  <testcase classname="testCases.TwoTest" name="testTwo" time="31.585"/>
  <system-out/>
</testsuite> <!-- testCases.TwoTest -->
