<?xml version="1.0" encoding="UTF-8"?>
<!-- Generated by org.testng.reporters.JUnitReportReporter -->
<testsuite hostname="HASSEN-HP" failures="0" tests="3" name="testCases.LoginTest" time="112.190" errors="0" timestamp="2022-08-17T12:41:33 EDT" skipped="0">
  <testcase classname="testCases.LoginTest" name="login" time="33.999"/>
  <system-out/>
  <testcase classname="testCases.LoginTest" name="login" time="45.845"/>
  <system-out/>
  <testcase classname="testCases.LoginTest" name="login" time="32.346"/>
  <system-out/>
</testsuite> <!-- testCases.LoginTest -->
