<?xml version="1.0" encoding="UTF-8"?>
<!-- Generated by org.testng.reporters.JUnitReportReporter -->
<testsuite hostname="HASSEN-HP" failures="0" tests="1" name="testCases.LoginTest" time="35.216" errors="0" timestamp="2022-08-15T13:58:16 EDT" skipped="0">
  <testcase classname="testCases.LoginTest" name="login" time="35.216"/>
  <system-out/>
</testsuite> <!-- testCases.LoginTest -->
