<?xml version="1.0" encoding="UTF-8"?>
<!-- Generated by org.testng.reporters.JUnitReportReporter -->
<testsuite hostname="HASSEN-HP" failures="0" tests="1" name="testCases.ThreeTest" time="22.548" errors="0" timestamp="2022-08-16T15:23:32 EDT" skipped="0">
  <testcase classname="testCases.ThreeTest" name="testThree" time="22.548"/>
  <system-out/>
</testsuite> <!-- testCases.ThreeTest -->
