<?xml version="1.0" encoding="UTF-8"?>
<!-- Generated by org.testng.reporters.JUnitReportReporter -->
<testsuite hostname="HASSEN-HP" failures="0" tests="3" name="testCases.LoginTest" time="72.855" errors="0" timestamp="2022-08-15T19:35:34 EDT" skipped="0">
  <testcase classname="testCases.LoginTest" name="login" time="22.219"/>
  <system-out/>
  <testcase classname="testCases.LoginTest" name="loginDataProvider" time="20.936"/>
  <system-out/>
  <testcase classname="testCases.LoginTest" name="loginDataProvider" time="29.700"/>
  <system-out/>
</testsuite> <!-- testCases.LoginTest -->
