<?xml version="1.0" encoding="UTF-8"?>
<!-- Generated by org.testng.reporters.JUnitReportReporter -->
<testsuite hostname="HASSEN-HP" failures="0" tests="1" name="testCases.LoginTest" time="26.602" errors="0" timestamp="2022-08-15T14:10:09 EDT" skipped="0">
  <testcase classname="testCases.LoginTest" name="login" time="26.602"/>
  <system-out/>
</testsuite> <!-- testCases.LoginTest -->
