<?xml version="1.0" encoding="UTF-8"?>
<!-- Generated by org.testng.reporters.JUnitReportReporter -->
<testsuite hostname="HASSEN-HP" failures="0" tests="3" name="testCases.LoginTest" time="90.166" errors="0" timestamp="2022-08-16T15:23:32 EDT" skipped="0">
  <testcase classname="testCases.LoginTest" name="login" time="23.679"/>
  <system-out/>
  <testcase classname="testCases.LoginTest" name="login" time="25.438"/>
  <system-out/>
  <testcase classname="testCases.LoginTest" name="login" time="41.049"/>
  <system-out/>
</testsuite> <!-- testCases.LoginTest -->
