<?xml version="1.0" encoding="UTF-8"?>
<!-- Generated by org.testng.reporters.JUnitReportReporter -->
<testsuite hostname="HASSEN-HP" failures="0" tests="1" name="runner.Runner" time="42.864" errors="0" timestamp="2022-08-17T15:45:23 EDT" skipped="0">
  <testcase classname="runner.Runner" name="runScenario" time="42.864"/>
  <system-out/>
</testsuite> <!-- runner.Runner -->
