<?xml version="1.0" encoding="UTF-8"?>
<!-- Generated by org.testng.reporters.JUnitReportReporter -->
<testsuite hostname="HASSEN-HP" failures="0" tests="1" name="testCases.ThreeTest" time="28.687" errors="0" timestamp="2022-08-17T12:41:33 EDT" skipped="0">
  <testcase classname="testCases.ThreeTest" name="testThree" time="28.687"/>
  <system-out/>
</testsuite> <!-- testCases.ThreeTest -->
