<?xml version="1.0" encoding="UTF-8"?>
<!-- Generated by org.testng.reporters.JUnitReportReporter -->
<testsuite hostname="HASSEN-HP" failures="0" tests="1" name="testCases.LoginTest" time="22.673" errors="0" timestamp="2022-08-15T14:26:59 EDT" skipped="0">
  <testcase classname="testCases.LoginTest" name="login" time="22.673"/>
  <system-out/>
</testsuite> <!-- testCases.LoginTest -->
